<?xml version="1.0" encoding="UTF-8"?>
<testng-results skipped="0" failed="0" ignored="0" total="1" passed="1">
  <reporter-output>
  </reporter-output>
  <suite name="Default suite" duration-ms="80" started-at="2019-07-17T17:26:30Z" finished-at="2019-07-17T17:26:30Z">
    <groups>
    </groups>
    <test name="Default test" duration-ms="80" started-at="2019-07-17T17:26:30Z" finished-at="2019-07-17T17:26:30Z">
      <class name="com.test.NewTest1">
        <test-method status="PASS" signature="test1()[pri:0, instance:com.test.NewTest1@2a2d45ba]" name="test1" duration-ms="21" started-at="2019-07-17T17:26:30Z" finished-at="2019-07-17T17:26:30Z">
          <reporter-output>
          </reporter-output>
        </test-method> <!-- test1 -->
      </class> <!-- com.test.NewTest1 -->
    </test> <!-- Default test -->
  </suite> <!-- Default suite -->
</testng-results>
